***********************************************************
************************INICIO*****************************
***********************************************************
Feb 25 00:00:34 laboratorio systemd[1]: logrotate.service: Succeeded.
Feb 25 00:00:34 laboratorio systemd[1]: Finished Rotate log files.
Feb 25 00:00:35 laboratorio systemd[1]: man-db.service: Succeeded.
Feb 25 00:00:35 laboratorio systemd[1]: Finished Daily man-db regeneration.
Feb 25 02:38:22 laboratorio systemd[1]: Starting Refresh fwupd metadata and update motd...
Feb 25 02:38:22 laboratorio dbus-daemon[566]: [system] Activating via systemd: service name='org.freedesktop.fwupd' unit='fwupd.service' requested by ':1.166' (uid=62803 pid=43797 comm="/usr/bin/fwupdmgr refresh --no-metadata-check " label="unconfined")
Feb 25 02:38:22 laboratorio systemd[1]: Starting Firmware update daemon...
Feb 25 02:38:22 laboratorio systemd[1]: Started Firmware update daemon.
Feb 25 02:38:24 laboratorio systemd[1]: fwupd-refresh.service: Succeeded.
Feb 25 02:38:24 laboratorio systemd[1]: Finished Refresh fwupd metadata and update motd.
Feb 25 03:10:01 laboratorio CRON[43855]: (root) CMD (test -e /run/systemd/system || SERVICE_MODE=1 /sbin/e2scrub_all -A -r)
Feb 25 04:38:24 laboratorio systemd[1]: fwupd.service: Succeeded.
Feb 25 05:56:34 laboratorio systemd[1]: Starting Daily apt download activities...
Feb 25 05:56:37 laboratorio dbus-daemon[566]: [system] Activating via systemd: service name='org.freedesktop.PackageKit' unit='packagekit.service' requested by ':1.168' (uid=0 pid=44200 comm="/usr/bin/gdbus call --system --dest org.freedeskto" label="unconfined")
Feb 25 05:56:37 laboratorio systemd[1]: Starting PackageKit Daemon...
Feb 25 05:56:37 laboratorio systemd[1]: Started PackageKit Daemon.
Feb 25 05:56:54 laboratorio systemd[1]: apt-daily.service: Succeeded.
Feb 25 05:56:54 laboratorio systemd[1]: Finished Daily apt download activities.
Feb 25 06:01:42 laboratorio systemd[1]: packagekit.service: Succeeded.
Feb 25 06:51:38 laboratorio systemd[1]: Starting Daily apt upgrade and clean activities...
Feb 25 06:51:50 laboratorio systemd[1]: Reloading.
Feb 25 06:51:53 laboratorio systemd[1]: Reloading.
Feb 25 06:51:54 laboratorio dbus-daemon[566]: [system] Activating via systemd: service name='org.freedesktop.PackageKit' unit='packagekit.service' requested by ':1.174' (uid=0 pid=44824 comm="/usr/bin/gdbus call --system --dest org.freedeskto" label="unconfined")
Feb 25 06:51:54 laboratorio systemd[1]: Starting PackageKit Daemon...
Feb 25 06:51:54 laboratorio systemd[1]: Started PackageKit Daemon.
Feb 25 06:52:04 laboratorio systemd[1]: apt-daily-upgrade.service: Succeeded.
Feb 25 06:52:04 laboratorio systemd[1]: Finished Daily apt upgrade and clean activities.
Feb 25 06:57:09 laboratorio systemd[1]: packagekit.service: Succeeded.
Feb 25 08:51:33 laboratorio systemd[1]: Starting Message of the Day...
Feb 25 08:51:50 laboratorio systemd[1]: motd-news.service: Succeeded.
Feb 25 08:51:50 laboratorio systemd[1]: Finished Message of the Day.
Feb 25 13:36:47 laboratorio systemd-networkd[546]: enp0s3: Lost carrier
Feb 25 13:36:47 laboratorio systemd-networkd[546]: enp0s3: DHCP lease lost
Feb 25 13:36:47 laboratorio dbus-daemon[566]: [system] Activating via systemd: service name='org.freedesktop.hostname1' unit='dbus-org.freedesktop.hostname1.service' requested by ':1.0' (uid=100 pid=546 comm="/lib/systemd/systemd-networkd " label="unconfined")
Feb 25 13:36:47 laboratorio systemd-timesyncd[503]: No network connectivity, watching for changes.
Feb 25 13:36:47 laboratorio systemd[1]: Starting Hostname Service...
Feb 25 13:36:48 laboratorio systemd[1]: Started Hostname Service.
Feb 25 13:36:51 laboratorio systemd-networkd[546]: enp0s3: Gained carrier
Feb 25 13:36:52 laboratorio systemd-timesyncd[503]: Network configuration changed, trying to establish connection.
Feb 25 13:36:53 laboratorio systemd-networkd[546]: enp0s3: DHCPv4 address 192.168.1.141/24 via 192.168.1.1
Feb 25 13:36:53 laboratorio systemd-timesyncd[503]: Network configuration changed, trying to establish connection.
Feb 25 13:36:53 laboratorio systemd-timesyncd[503]: Network configuration changed, trying to establish connection.
Feb 25 13:37:14 laboratorio systemd-timesyncd[503]: Initial synchronization to time server 91.189.94.4:123 (ntp.ubuntu.com).
Feb 25 13:37:14 laboratorio systemd[1]: session-19.scope: Succeeded.
Feb 25 13:37:43 laboratorio systemd[1]: systemd-hostnamed.service: Succeeded.
Feb 25 13:38:31 laboratorio systemd[1]: Started Session 247 of user usuario.
Feb 25 14:41:59 laboratorio systemd[1]: Starting Message of the Day...
Feb 25 14:42:06 laboratorio systemd[1]: motd-news.service: Succeeded.
Feb 25 14:42:06 laboratorio systemd[1]: Finished Message of the Day.
Feb 25 15:16:36 laboratorio systemd[1]: Starting Daily apt download activities...
Feb 25 15:16:37 laboratorio systemd[1]: apt-daily.service: Succeeded.
Feb 25 15:16:37 laboratorio systemd[1]: Finished Daily apt download activities.
Feb 25 16:59:36 laboratorio systemd[1]: Starting Cleanup of Temporary Directories...
Feb 25 16:59:36 laboratorio systemd[1]: systemd-tmpfiles-clean.service: Succeeded.
Feb 25 16:59:36 laboratorio systemd[1]: Finished Cleanup of Temporary Directories.
Feb 25 17:02:58 laboratorio systemd[1]: Starting Refresh fwupd metadata and update motd...
Feb 25 17:02:58 laboratorio dbus-daemon[566]: [system] Activating via systemd: service name='org.freedesktop.fwupd' unit='fwupd.service' requested by ':1.180' (uid=62803 pid=45774 comm="/usr/bin/fwupdmgr refresh --no-metadata-check " label="unconfined")
Feb 25 17:02:58 laboratorio systemd[1]: Starting Firmware update daemon...
Feb 25 17:02:59 laboratorio systemd[1]: Started Firmware update daemon.
Feb 25 17:02:59 laboratorio systemd[1]: fwupd-refresh.service: Succeeded.
Feb 25 17:02:59 laboratorio systemd[1]: Finished Refresh fwupd metadata and update motd.
Feb 25 19:02:59 laboratorio systemd[1]: fwupd.service: Succeeded.
Feb 25 19:48:12 laboratorio systemd-timesyncd[503]: Timed out waiting for reply from 91.189.94.4:123 (ntp.ubuntu.com).
Feb 25 19:48:22 laboratorio systemd-timesyncd[503]: Timed out waiting for reply from 91.189.89.198:123 (ntp.ubuntu.com).
Feb 25 19:48:22 laboratorio systemd-timesyncd[503]: Initial synchronization to time server 91.189.91.157:123 (ntp.ubuntu.com).
Feb 25 21:16:58 laboratorio systemd[1]: Starting Refresh fwupd metadata and update motd...
Feb 25 21:16:58 laboratorio dbus-daemon[566]: [system] Activating via systemd: service name='org.freedesktop.fwupd' unit='fwupd.service' requested by ':1.182' (uid=62803 pid=46302 comm="/usr/bin/fwupdmgr refresh --no-metadata-check " label="unconfined")
Feb 25 21:16:58 laboratorio systemd[1]: Starting Firmware update daemon...
Feb 25 21:16:59 laboratorio systemd[1]: Started Firmware update daemon.
Feb 25 21:16:59 laboratorio systemd[1]: fwupd-refresh.service: Succeeded.
Feb 25 21:16:59 laboratorio systemd[1]: Finished Refresh fwupd metadata and update motd.
Feb 25 21:26:03 laboratorio systemd[1]: Started Session 256 of user usuario.
***********************************************************
procesos de systemd
systemd+     503       1  0 Feb16 ?        00:00:04 /lib/systemd/systemd-timesyncd
systemd+     546       1  0 Feb16 ?        00:00:14 /lib/systemd/systemd-networkd
systemd+     548       1  0 Feb16 ?        00:00:04 /lib/systemd/systemd-resolved
message+     566       1  0 Feb16 ?        00:00:05 /usr/bin/dbus-daemon --system --address=systemd: --nofork --nopidfile --systemd-activation --syslog-only
usuario    46935   46930  0 21:47 pts/0    00:00:00 grep -E message|^systemd
